
main /home/hbarnard/cclite/usr/share/cclite/cgi-bin/protected/ccadmin.cgi 298 action is template
main /home/hbarnard/cclite/usr/share/cclite/cgi-bin/protected/ccadmin.cgi 298 action is offline
main /home/hbarnard/cclite/usr/share/cclite/cgi-bin/protected/ccadmin.cgi 302 in go offline
Ccadmin ../../lib/Ccadmin.pm 1057 in go offline routine
Ccadmin ../../lib/Ccadmin.pm 1057 in go offline routine
Ccadmin ../../lib/Ccadmin.pm 1057 in go offline routine
Cclitedb ../../lib/Cclitedb.pm 264    UPDATE om_registry 
   SET
   status = 'closing',
latest_news = ''
 
   WHERE ( id = '')

Ccadmin ../../lib/Ccadmin.pm 1057 in go offline routine
Cclitedb ../../lib/Cclitedb.pm 264    UPDATE om_registry 
   SET
   status = 'closing',
latest_news = ''
 
   WHERE ( id = '')

main /home/hbarnard/cclite/usr/share/cclite/cgi-bin/cclite.cgi 365 
main /home/hbarnard/cclite/usr/share/cclite/cgi-bin/cclite.cgi 365 closing
main /home/hbarnard/cclite/usr/share/cclite/cgi-bin/cclite.cgi 365 
Cclite ../lib/Cclite.pm 312 closing
