{"p":"", "l":"" "f":"" "s":"OK"}
090413-> message is fields inwards
090413-> hash$VAR1 = {
          'network' => 'testing',
          'number' => '447534038239',
          'systemMailAddress' => 'cclite@cclite.private.trunk',
          'initialPaymentStatus' => 'waiting',
          'mode' => 'html',
          'version' => '0.9.1',
          'systemMailReplyAddress' => 'cclite.noreply@cclite.private.trunk',
          'message' => '2cc p1234 confirm',
          'Go' => 'go',
          'domain' => 'cclite.private.trunk',
          'client_ip' => '127.0.0.1',
          'home' => 'http://cclite.private.trunk/cgi-bin/protected/ccsmsgate.cgi'
        };
-------------------------

{"p":"", "l":"" "f":"" "s":"OK"}
090416-> message is rv after gateway is ok
-------------------------

{"p":"", "l":"" "f":"" "s":"OK"}
090532-> message is fields inwards
090532-> hash$VAR1 = {
          'network' => 'testing',
          'number' => '447534038239',
          'systemMailAddress' => 'cclite@cclite.private.trunk',
          'initialPaymentStatus' => 'waiting',
          'mode' => 'html',
          'version' => '0.9.1',
          'systemMailReplyAddress' => 'cclite.noreply@cclite.private.trunk',
          'message' => '2cc p1234 confirm',
          'Go' => 'go',
          'domain' => 'cclite.private.trunk',
          'client_ip' => '127.0.0.1',
          'home' => 'http://cclite.private.trunk/cgi-bin/protected/ccsmsgate.cgi'
        };
-------------------------

{"p":"", "l":"" "f":"" "s":"OK"}
090532-> message is rv after gateway is ok
-------------------------

{"p":"", "l":"" "f":"" "s":"OK"}
090848-> message is fields inwards
090848-> hash$VAR1 = {
          'network' => 'testing',
          'number' => '447534038239',
          'systemMailAddress' => 'cclite@cclite.private.trunk',
          'initialPaymentStatus' => 'waiting',
          'mode' => 'html',
          'version' => '0.9.1',
          'systemMailReplyAddress' => 'cclite.noreply@cclite.private.trunk',
          'message' => '2cc p1234 confirm',
          'Go' => 'go',
          'domain' => 'cclite.private.trunk',
          'client_ip' => '127.0.0.1',
          'home' => 'http://cclite.private.trunk/cgi-bin/protected/ccsmsgate.cgi'
        };
-------------------------

{"p":"", "l":"" "f":"" "s":"OK"}
090848-> message is rv after gateway is ok
-------------------------

{"p":"", "l":"" "f":"" "s":"OK"}
091248-> message is fields inwards
091248-> hash$VAR1 = {
          'network' => 'testing',
          'number' => '447534038239',
          'systemMailAddress' => 'cclite@cclite.private.trunk',
          'initialPaymentStatus' => 'waiting',
          'mode' => 'html',
          'version' => '0.9.1',
          'systemMailReplyAddress' => 'cclite.noreply@cclite.private.trunk',
          'message' => '2cc p1234 confirm',
          'Go' => 'go',
          'domain' => 'cclite.private.trunk',
          'client_ip' => '127.0.0.1',
          'home' => 'http://cclite.private.trunk/cgi-bin/protected/ccsmsgate.cgi'
        };
-------------------------

{"p":"", "l":"" "f":"" "s":"OK"}
091249-> message is rv after gateway is ok
-------------------------

{"p":"", "l":"" "f":"" "s":"OK"}
091342-> message is fields inwards
091342-> hash$VAR1 = {
          'network' => 'testing',
          'number' => '447534038239',
          'systemMailAddress' => 'cclite@cclite.private.trunk',
          'initialPaymentStatus' => 'waiting',
          'mode' => 'html',
          'version' => '0.9.1',
          'systemMailReplyAddress' => 'cclite.noreply@cclite.private.trunk',
          'message' => '2cc p1234 confirm',
          'Go' => 'go',
          'domain' => 'cclite.private.trunk',
          'client_ip' => '127.0.0.1',
          'home' => 'http://cclite.private.trunk/cgi-bin/protected/ccsmsgate.cgi'
        };
-------------------------

{"p":"", "l":"" "f":"" "s":"OK"}
091343-> message is rv after gateway is nok:locked
-------------------------

